1690393282055:help
1690393292065:run
1690393415839:help
1690393425651:show
1690393469474:run
1690393523977:exit
1690395062736:help
1690395572352:exit
1690450275905:help
1690450290614:s
1690450299900:lang en
1690450311644:lang "en"
1690450472539:s
1690450485351:lang "ru"
1690450487659:s
1690450560184:exit
1690450608811:help
1690450622203:l en
1690450625113:s
1690450629826:l ru
1690450632092:s
1690450645869:exit
1690450701423:help
1690450715297:s
1690450724478:l en
1690450726240:s
1690450734324:l ru
1690450736253:s
1690450741726:r
1690450779782:l en
1690450782484:r
1690450894503:l ru
1690451003482:r
1690451585547:l en
1690451609085:r
1690451759765:s
1690451769166:l en
1690451771838:s
1690451776802:r
1690451798374:l ru
1690451800590:r
1690451825554:exit
1690454545595:help
1690455197944:l en
1690455203743:s
1690455233951:help
1690455242264:l en
1690455250104:r
1690455344891:l ru
1690455348658:r
1690455482770:exit
1690460928132:s
1690460942686:l ru
1690460944522:s
1690460996401:exit
1690461092923:s
1690461180818:l en
1690461182688:s
1690461203032:l en
1690461209604:s
1690461221055:exit
1690461249071:s
1690461313249:l en
1690461344880:s
1690461491204:l en
1690461493275:s
1690461567984:exit
1690461630573:s
1690461662957:l en
1690461671102:s
1690461829261:r
1690461851591:l en
1690461859102:r
1690461883079:l ru
1690461889486:r
1690461899287:l es
1690461902572:r
1690461917488:exit
